{
  "stats": {
    "suites": 1,
    "tests": 2,
    "passes": 2,
    "pending": 0,
    "failures": 0,
    "start": "2024-12-09T13:25:19.378Z",
    "end": "2024-12-09T13:25:23.188Z",
    "duration": 3810,
    "testsRegistered": 2,
    "passPercent": 100,
    "pendingPercent": 0,
    "other": 0,
    "hasOther": false,
    "skipped": 0,
    "hasSkipped": false
  },
  "results": [
    {
      "uuid": "50215f35-35b0-4993-907e-00f54432f364",
      "title": "",
      "fullFile": "cypress/integration/tests/BInventoryTests.cy.js",
      "file": "cypress/integration/tests/BInventoryTests.cy.js",
      "beforeHooks": [],
      "afterHooks": [],
      "tests": [],
      "suites": [
        {
          "uuid": "fed6ab47-dabe-4ec9-8394-bb8e980d2d37",
          "title": "Inventory Tests",
          "fullFile": "",
          "file": "",
          "beforeHooks": [],
          "afterHooks": [],
          "tests": [
            {
              "title": "CT03 - Adicionar um produto ao carrinho",
              "fullTitle": "Inventory Tests CT03 - Adicionar um produto ao carrinho",
              "timedOut": null,
              "duration": 1578,
              "state": "passed",
              "speed": "fast",
              "pass": true,
              "fail": false,
              "pending": false,
              "context": null,
              "code": "_InventoryPage.inventoryPage.addItemToCart('Sauce Labs Backpack');\ncy.get('.shopping_cart_badge').should('have.text', '1');",
              "err": {},
              "uuid": "d73a33a9-fac5-4203-9484-0b03950fca39",
              "parentUUID": "fed6ab47-dabe-4ec9-8394-bb8e980d2d37",
              "isHook": false,
              "skipped": false
            },
            {
              "title": "CT04 - Remover um produto do carrinho",
              "fullTitle": "Inventory Tests CT04 - Remover um produto do carrinho",
              "timedOut": null,
              "duration": 1012,
              "state": "passed",
              "speed": "fast",
              "pass": true,
              "fail": false,
              "pending": false,
              "context": null,
              "code": "_InventoryPage.inventoryPage.addItemToCart('Sauce Labs Backpack');\n_InventoryPage.inventoryPage.removeItemFromCart('Sauce Labs Backpack');\ncy.get('.shopping_cart_badge').should('not.exist');",
              "err": {},
              "uuid": "04c12745-89e1-4957-9249-1e84a1b64459",
              "parentUUID": "fed6ab47-dabe-4ec9-8394-bb8e980d2d37",
              "isHook": false,
              "skipped": false
            }
          ],
          "suites": [],
          "passes": [
            "d73a33a9-fac5-4203-9484-0b03950fca39",
            "04c12745-89e1-4957-9249-1e84a1b64459"
          ],
          "failures": [],
          "pending": [],
          "skipped": [],
          "duration": 2590,
          "root": false,
          "rootEmpty": false,
          "_timeout": 2000
        }
      ],
      "passes": [],
      "failures": [],
      "pending": [],
      "skipped": [],
      "duration": 0,
      "root": true,
      "rootEmpty": true,
      "_timeout": 2000
    }
  ],
  "meta": {
    "mocha": {
      "version": "7.0.1"
    },
    "mochawesome": {
      "options": {
        "quiet": false,
        "reportFilename": "mochawesome",
        "saveHtml": true,
        "saveJson": true,
        "consoleReporter": "spec",
        "useInlineDiffs": false,
        "code": true
      },
      "version": "7.1.3"
    },
    "marge": {
      "options": {
        "reportDir": "cypress/reports/mochawesome",
        "overwrite": false,
        "html": true,
        "json": true
      },
      "version": "6.2.0"
    }
  }
}